# JRE version: OpenJDK Runtime Environment (8.0_242-b01) (build 1.8.0_242-release-1644-b01)
# Java VM: OpenJDK 64-Bit Server VM (25.242-b01 mixed mode windows-amd64 compressed oops)
Heap:
 PSYoungGen      total 428544K, used 61306K [0x00000000e0000000, 0x00000000ff980000, 0x0000000100000000)
  eden space 345600K, 16% used [0x00000000e0000000,0x00000000e381a7e8,0x00000000f5180000)
  from space 82944K, 4% used [0x00000000fa880000,0x00000000fac44248,0x00000000ff980000)
  to   space 86016K, 0% used [0x00000000f5180000,0x00000000f5180000,0x00000000fa580000)
 ParOldGen       total 314368K, used 169527K [0x00000000a0000000, 0x00000000b3300000, 0x00000000e0000000)
  object space 314368K, 53% used [0x00000000a0000000,0x00000000aa58dd20,0x00000000b3300000)
 Metaspace       used 117312K, capacity 123770K, committed 123864K, reserved 1157120K
  class space    used 15170K, capacity 16366K, committed 16384K, reserved 1048576K
GC Heap History (10 events):
Event: 142.913 GC heap before
{Heap before GC invocations=28 (full 4):
 PSYoungGen      total 429056K, used 358497K [0x00000000e0000000, 0x0000000100000000, 0x0000000100000000)
  eden space 333824K, 100% used [0x00000000e0000000,0x00000000f4600000,0x00000000f4600000)
  from space 95232K, 25% used [0x00000000f4600000,0x00000000f5e18758,0x00000000fa300000)
  to   space 92160K, 0% used [0x00000000fa600000,0x00000000fa600000,0x0000000100000000)
 ParOldGen       total 314368K, used 137904K [0x00000000a0000000, 0x00000000b3300000, 0x00000000e0000000)
  object space 314368K, 43% used [0x00000000a0000000,0x00000000a86ac160,0x00000000b3300000)
 Metaspace       used 116741K, capacity 123136K, committed 123352K, reserved 1157120K
  class space    used 15167K, capacity 16365K, committed 16384K, reserved 1048576K
Event: 142.932 GC heap after
Heap after GC invocations=28 (full 4):
 PSYoungGen      total 425984K, used 4992K [0x00000000e0000000, 0x00000000ffd00000, 0x0000000100000000)
  eden space 336896K, 0% used [0x00000000e0000000,0x00000000e0000000,0x00000000f4900000)
  from space 89088K, 5% used [0x00000000fa600000,0x00000000faae0010,0x00000000ffd00000)
  to   space 92160K, 0% used [0x00000000f4900000,0x00000000f4900000,0x00000000fa300000)
 ParOldGen       total 314368K, used 154987K [0x00000000a0000000, 0x00000000b3300000, 0x00000000e0000000)
  object space 314368K, 49% used [0x00000000a0000000,0x00000000a975ac98,0x00000000b3300000)
 Metaspace       used 116741K, capacity 123136K, committed 123352K, reserved 1157120K
  class space    used 15167K, capacity 16365K, committed 16384K, reserved 1048576K
}
Event: 143.465 GC heap before
{Heap before GC invocations=29 (full 4):
 PSYoungGen      total 425984K, used 341888K [0x00000000e0000000, 0x00000000ffd00000, 0x0000000100000000)
  eden space 336896K, 100% used [0x00000000e0000000,0x00000000f4900000,0x00000000f4900000)
  from space 89088K, 5% used [0x00000000fa600000,0x00000000faae0010,0x00000000ffd00000)
  to   space 92160K, 0% used [0x00000000f4900000,0x00000000f4900000,0x00000000fa300000)
 ParOldGen       total 314368K, used 154987K [0x00000000a0000000, 0x00000000b3300000, 0x00000000e0000000)
  object space 314368K, 49% used [0x00000000a0000000,0x00000000a975ac98,0x00000000b3300000)
 Metaspace       used 116961K, capacity 123358K, committed 123608K, reserved 1157120K
  class space    used 15168K, capacity 16366K, committed 16384K, reserved 1048576K
Event: 143.478 GC heap after
Heap after GC invocations=29 (full 4):
 PSYoungGen      total 429056K, used 3616K [0x00000000e0000000, 0x0000000100000000, 0x0000000100000000)
  eden space 336896K, 0% used [0x00000000e0000000,0x00000000e0000000,0x00000000f4900000)
  from space 92160K, 3% used [0x00000000f4900000,0x00000000f4c88000,0x00000000fa300000)
  to   space 91648K, 0% used [0x00000000fa680000,0x00000000fa680000,0x0000000100000000)
 ParOldGen       total 314368K, used 159779K [0x00000000a0000000, 0x00000000b3300000, 0x00000000e0000000)
  object space 314368K, 50% used [0x00000000a0000000,0x00000000a9c08ca8,0x00000000b3300000)
 Metaspace       used 116961K, capacity 123358K, committed 123608K, reserved 1157120K
  class space    used 15168K, capacity 16366K, committed 16384K, reserved 1048576K
}
Event: 144.029 GC heap before
{Heap before GC invocations=30 (full 4):
 PSYoungGen      total 429056K, used 340512K [0x00000000e0000000, 0x0000000100000000, 0x0000000100000000)
  eden space 336896K, 100% used [0x00000000e0000000,0x00000000f4900000,0x00000000f4900000)
  from space 92160K, 3% used [0x00000000f4900000,0x00000000f4c88000,0x00000000fa300000)
  to   space 91648K, 0% used [0x00000000fa680000,0x00000000fa680000,0x0000000100000000)
 ParOldGen       total 314368K, used 159779K [0x00000000a0000000, 0x00000000b3300000, 0x00000000e0000000)
  object space 314368K, 50% used [0x00000000a0000000,0x00000000a9c08ca8,0x00000000b3300000)
 Metaspace       used 117024K, capacity 123426K, committed 123608K, reserved 1157120K
  class space    used 15168K, capacity 16366K, committed 16384K, reserved 1048576K
Event: 144.038 GC heap after
Heap after GC invocations=30 (full 4):
 PSYoungGen      total 428544K, used 4697K [0x00000000e0000000, 0x00000000ffc80000, 0x0000000100000000)
  eden space 340480K, 0% used [0x00000000e0000000,0x00000000e0000000,0x00000000f4c80000)
  from space 88064K, 5% used [0x00000000fa680000,0x00000000fab16740,0x00000000ffc80000)
  to   space 90112K, 0% used [0x00000000f4c80000,0x00000000f4c80000,0x00000000fa480000)
 ParOldGen       total 314368K, used 163099K [0x00000000a0000000, 0x00000000b3300000, 0x00000000e0000000)
  object space 314368K, 51% used [0x00000000a0000000,0x00000000a9f46ca8,0x00000000b3300000)
 Metaspace       used 117024K, capacity 123426K, committed 123608K, reserved 1157120K
  class space    used 15168K, capacity 16366K, committed 16384K, reserved 1048576K
}
Event: 144.549 GC heap before
{Heap before GC invocations=31 (full 4):
 PSYoungGen      total 428544K, used 345177K [0x00000000e0000000, 0x00000000ffc80000, 0x0000000100000000)
  eden space 340480K, 100% used [0x00000000e0000000,0x00000000f4c80000,0x00000000f4c80000)
  from space 88064K, 5% used [0x00000000fa680000,0x00000000fab16740,0x00000000ffc80000)
  to   space 90112K, 0% used [0x00000000f4c80000,0x00000000f4c80000,0x00000000fa480000)
 ParOldGen       total 314368K, used 163099K [0x00000000a0000000, 0x00000000b3300000, 0x00000000e0000000)
  object space 314368K, 51% used [0x00000000a0000000,0x00000000a9f46ca8,0x00000000b3300000)
 Metaspace       used 117030K, capacity 123434K, committed 123608K, reserved 1157120K
  class space    used 15168K, capacity 16366K, committed 16384K, reserved 1048576K
Event: 144.559 GC heap after
Heap after GC invocations=31 (full 4):
 PSYoungGen      total 430592K, used 3360K [0x00000000e0000000, 0x00000000fff00000, 0x0000000100000000)
  eden space 340480K, 0% used [0x00000000e0000000,0x00000000e0000000,0x00000000f4c80000)
  from space 90112K, 3% used [0x00000000f4c80000,0x00000000f4fc8000,0x00000000fa480000)
  to   space 88576K, 0% used [0x00000000fa880000,0x00000000fa880000,0x00000000fff00000)
 ParOldGen       total 314368K, used 167367K [0x00000000a0000000, 0x00000000b3300000, 0x00000000e0000000)
  object space 314368K, 53% used [0x00000000a0000000,0x00000000aa371d10,0x00000000b3300000)
 Metaspace       used 117030K, capacity 123434K, committed 123608K, reserved 1157120K
  class space    used 15168K, capacity 16366K, committed 16384K, reserved 1048576K
}
Event: 145.602 GC heap before
{Heap before GC invocations=32 (full 4):
 PSYoungGen      total 430592K, used 343840K [0x00000000e0000000, 0x00000000fff00000, 0x0000000100000000)
  eden space 340480K, 100% used [0x00000000e0000000,0x00000000f4c80000,0x00000000f4c80000)
  from space 90112K, 3% used [0x00000000f4c80000,0x00000000f4fc8000,0x00000000fa480000)
  to   space 88576K, 0% used [0x00000000fa880000,0x00000000fa880000,0x00000000fff00000)
 ParOldGen       total 314368K, used 167367K [0x00000000a0000000, 0x00000000b3300000, 0x00000000e0000000)
  object space 314368K, 53% used [0x00000000a0000000,0x00000000aa371d10,0x00000000b3300000)
 Metaspace       used 117311K, capacity 123770K, committed 123864K, reserved 1157120K
  class space    used 15170K, capacity 16366K, committed 16384K, reserved 1048576K
Event: 145.612 GC heap after
Heap after GC invocations=32 (full 4):
 PSYoungGen      total 428544K, used 3856K [0x00000000e0000000, 0x00000000ff980000, 0x0000000100000000)
  eden space 345600K, 0% used [0x00000000e0000000,0x00000000e0000000,0x00000000f5180000)
  from space 82944K, 4% used [0x00000000fa880000,0x00000000fac44248,0x00000000ff980000)
  to   space 86016K, 0% used [0x00000000f5180000,0x00000000f5180000,0x00000000fa580000)
 ParOldGen       total 314368K, used 169527K [0x00000000a0000000, 0x00000000b3300000, 0x00000000e0000000)
  object space 314368K, 53% used [0x00000000a0000000,0x00000000aa58dd20,0x00000000b3300000)
 Metaspace       used 117311K, capacity 123770K, committed 123864K, reserved 1157120K
  class space    used 15170K, capacity 16366K, committed 16384K, reserved 1048576K
}

